<?xml version="1.0" encoding="UTF-8"?>
<!-- Generated by org.testng.reporters.JUnitXMLReporter -->
<testsuite ignored="0" hostname="DESKTOP-C4LC40M" failures="0" tests="8" name="Companies Page Test cases" time="52.489" errors="0" timestamp="2022-11-18T07:38:54 IST">
  <testcase classname="TestLayer.LoginPage" name="loginFunctionality" time="0.69"/>
  <testcase classname="TestLayer.HomePage" name="validateHomePageTitle" time="0.041"/>
  <testcase classname="TestLayer.HomePage" name="validateHomePageUrl" time="0.029"/>
  <testcase classname="TestLayer.HomePage" name="validateHomePageLogo" time="1.643"/>
  <testcase classname="TestLayer.CompaniesPage" name="verifyUserIsOnCompanyPage" time="5.457"/>
  <testcase classname="TestLayer.CompaniesPage" name="createNewCompany" time="11.704"/>
  <testcase classname="TestLayer.CompaniesPage" name="updateCompanyName" time="14.777"/>
  <testcase classname="TestLayer.CompaniesPage" name="deleteCompany" time="6.971"/>
</testsuite> <!-- Companies Page Test cases -->
