<?xml version="1.0" encoding="UTF-8"?>
<!-- Generated by org.testng.reporters.JUnitXMLReporter -->
<testsuite ignored="0" hostname="DESKTOP-C4LC40M" failures="0" tests="8" name="Contact Page Regression Test" time="55.856" errors="0" timestamp="2022-11-18T07:38:02 IST">
  <testcase classname="TestLayer.LoginPage" name="loginFunctionality" time="0.663"/>
  <testcase classname="TestLayer.HomePage" name="validateHomePageTitle" time="0.071"/>
  <testcase classname="TestLayer.HomePage" name="validateHomePageUrl" time="0.016"/>
  <testcase classname="TestLayer.HomePage" name="validateHomePageLogo" time="1.402"/>
  <testcase classname="TestLayer.ContactPage" name="verifyUserIsOnContactPage" time="0.26"/>
  <testcase classname="TestLayer.ContactPage" name="createANewUser" time="13.373"/>
  <testcase classname="TestLayer.ContactPage" name="updateUserDetails" time="20.187"/>
  <testcase classname="TestLayer.ContactPage" name="deleteUser" time="7.817"/>
</testsuite> <!-- Contact Page Regression Test -->
