<?xml version="1.0" encoding="UTF-8"?>
<testng-results ignored="0" total="1" passed="1" failed="0" skipped="0">
  <reporter-output>
  </reporter-output>
  <suite started-at="2022-11-25T21:23:22 IST" name="Default suite" finished-at="2022-11-25T21:23:31 IST" duration-ms="9201">
    <groups>
      <group name="LoginPage">
        <method signature="LoginPage.loginFunctionality()[pri:0, instance:TestLayer.LoginPage@268f106e]" name="loginFunctionality" class="TestLayer.LoginPage"/>
      </group> <!-- LoginPage -->
    </groups>
    <test started-at="2022-11-25T21:23:22 IST" name="Default test" finished-at="2022-11-25T21:23:31 IST" duration-ms="9201">
      <class name="TestLayer.LoginPage">
        <test-method is-config="true" signature="setUp()[pri:0, instance:TestLayer.LoginPage@268f106e]" started-at="2022-11-25T21:23:22 IST" name="setUp" finished-at="2022-11-25T21:23:31 IST" duration-ms="8773" status="PASS">
          <reporter-output>
          </reporter-output>
        </test-method> <!-- setUp -->
        <test-method signature="loginFunctionality()[pri:0, instance:TestLayer.LoginPage@268f106e]" started-at="2022-11-25T21:23:31 IST" name="loginFunctionality" finished-at="2022-11-25T21:23:31 IST" duration-ms="225" status="PASS">
          <reporter-output>
          </reporter-output>
        </test-method> <!-- loginFunctionality -->
        <test-method is-config="true" signature="tearDown()[pri:0, instance:TestLayer.LoginPage@268f106e]" started-at="2022-11-25T21:23:31 IST" name="tearDown" finished-at="2022-11-25T21:23:31 IST" duration-ms="160" status="PASS">
          <reporter-output>
          </reporter-output>
        </test-method> <!-- tearDown -->
      </class> <!-- TestLayer.LoginPage -->
    </test> <!-- Default test -->
  </suite> <!-- Default suite -->
</testng-results>
